#
# A fatal error has been detected by the Java Runtime Environment:
#
#  EXCEPTION_ACCESS_VIOLATION (0xc0000005) at pc=0x00000000712a82b5, pid=9444, tid=4252
#
# JRE version: Java(TM) SE Runtime Environment (8.0_45-b15) (build 1.8.0_45-b15)
# Java VM: Java HotSpot(TM) 64-Bit Server VM (25.45-b02 mixed mode windows-amd64 compressed oops)
# Problematic frame:
# V  [jvm.dll+0x1282b5]
#
# Failed to write core dump. Minidumps are not enabled by default on client versions of Windows
#
# If you would like to submit a bug report, please visit:
#   http://bugreport.java.com/bugreport/crash.jsp
#

---------------  T H R E A D  ---------------

Current thread (0x00000000098e4800):  JavaThread "JDWP Transport Listener: dt_socket" daemon [_thread_in_vm, id=4252, stack(0x000000000a1f0000,0x000000000a2f0000)]

siginfo: ExceptionCode=0xc0000005, reading address 0xffffffffffffffff

Registers:
RAX=0x000000000a2ef801, RBX=0x00000000098e4800, RCX=0x79003b7265766972, RDX=0x0000000000000000
RSP=0x000000000a2ef800, RBP=0x79003b7265766972, RSI=0x000000000a2ef918, RDI=0x00000000020589c0
R8 =0x00000000098e4800, R9 =0x0000000000008000, R10=0x0000000000000000, R11=0x000000000bd7d675
R12=0x0000000000000000, R13=0x00000000098ee478, R14=0x0000000000000000, R15=0x0000000000000000
RIP=0x00000000712a82b5, EFLAGS=0x0000000000010206

Top of Stack: (sp=0x000000000a2ef800)
0x000000000a2ef800:   00000000098e4800 00000000098e4800
0x000000000a2ef810:   000000000a2ef8c8 00000000714ac7db
0x000000000a2ef820:   00000000098e4800 00000000714c903d
0x000000000a2ef830:   0000000000000000 0000000071129155
0x000000000a2ef840:   000000000dbe3978 000000007113291e
0x000000000a2ef850:   00000000098e4800 0000000000000000
0x000000000a2ef860:   0000000000000000 0000000000000000
0x000000000a2ef870:   79003b7265766972 0000000071131a15
0x000000000a2ef880:   000000000a2ef918 000000000a2ef8f0
0x000000000a2ef890:   0000000000000001 000000000dbe3978
0x000000000a2ef8a0:   79003b7265766972 00000000711153b3
0x000000000a2ef8b0:   000000000a2ef9e0 0000000000000001
0x000000000a2ef8c0:   0000000000000001 000000000dbe3978
0x000000000a2ef8d0:   00000000f000100a 0000000000000000
0x000000000a2ef8e0:   0000000000000000 0000000000000000
0x000000000a2ef8f0:   0000000000000001 0000000071115571 

Instructions: (pc=0x00000000712a82b5)
0x00000000712a8295:   cc cc cc cc cc cc cc cc cc cc cc 48 83 ec 28 48
0x00000000712a82a5:   85 c9 75 07 33 c0 48 83 c4 28 c3 48 89 5c 24 20
0x00000000712a82b5:   48 8b 19 48 85 db 74 20 48 83 fb 37 74 1a 48 8b
0x00000000712a82c5:   13 48 8b cb ff 52 10 84 c0 74 0d 48 8b c3 48 8b 


Register to memory mapping:

RAX=0x000000000a2ef801 is pointing into the stack for thread: 0x00000000098e4800
RBX=0x00000000098e4800 is a thread
RCX=0x79003b7265766972 is an unknown value
RDX=0x0000000000000000 is an unknown value
RSP=0x000000000a2ef800 is pointing into the stack for thread: 0x00000000098e4800
RBP=0x79003b7265766972 is an unknown value
RSI=0x000000000a2ef918 is pointing into the stack for thread: 0x00000000098e4800
RDI=0x00000000020589c0 is an unknown value
R8 =0x00000000098e4800 is a thread
R9 =0x0000000000008000 is an unknown value
R10=0x0000000000000000 is an unknown value
R11=0x000000000bd7d675 is an unknown value
R12=0x0000000000000000 is an unknown value
R13=0x00000000098ee478 is an unknown value
R14=0x0000000000000000 is an unknown value
R15=0x0000000000000000 is an unknown value


Stack: [0x000000000a1f0000,0x000000000a2f0000],  sp=0x000000000a2ef800,  free space=1022k
Native frames: (J=compiled Java code, j=interpreted, Vv=VM code, C=native code)
V  [jvm.dll+0x1282b5]
V  [jvm.dll+0x34903d]
C  [jdwp.dll+0x21a15]
C  [jdwp.dll+0x53b3]
C  [jdwp.dll+0x5571]
C  [jdwp.dll+0xf0a8]
C  [jdwp.dll+0x1f2d5]
C  [jdwp.dll+0x1f4aa]
V  [jvm.dll+0x1bae98]
V  [jvm.dll+0x241984]
V  [jvm.dll+0x29853a]
C  [msvcr100.dll+0x21d9f]
C  [msvcr100.dll+0x21e3b]
C  [KERNEL32.DLL+0x8364]
C  [ntdll.dll+0x670d1]


---------------  P R O C E S S  ---------------

Java Threads: ( => current thread )
  0x000000000d9f8000 JavaThread "DestroyJavaVM" [_thread_blocked, id=6804, stack(0x0000000002900000,0x0000000002a00000)]
  0x000000000d9f9800 JavaThread "http-nio-8080-AsyncTimeout" daemon [_thread_blocked, id=2908, stack(0x0000000023720000,0x0000000023820000)]
  0x000000000d9fe000 JavaThread "http-nio-8080-Acceptor-0" daemon [_thread_in_native, id=8432, stack(0x0000000023620000,0x0000000023720000)]
  0x00000000205c5800 JavaThread "http-nio-8080-ClientPoller-1" daemon [_thread_in_native, id=7252, stack(0x0000000023520000,0x0000000023620000)]
  0x00000000205c2000 JavaThread "http-nio-8080-ClientPoller-0" daemon [_thread_in_native, id=1276, stack(0x0000000023420000,0x0000000023520000)]
  0x00000000205c1000 JavaThread "http-nio-8080-exec-10" daemon [_thread_blocked, id=4456, stack(0x0000000023160000,0x0000000023260000)]
  0x00000000205c0800 JavaThread "http-nio-8080-exec-9" daemon [_thread_blocked, id=5716, stack(0x0000000023060000,0x0000000023160000)]
  0x00000000205c5000 JavaThread "http-nio-8080-exec-8" daemon [_thread_blocked, id=5152, stack(0x0000000022f60000,0x0000000023060000)]
  0x00000000205c2800 JavaThread "http-nio-8080-exec-7" daemon [_thread_blocked, id=10212, stack(0x0000000022e60000,0x0000000022f60000)]
  0x00000000205c4000 JavaThread "http-nio-8080-exec-6" daemon [_thread_blocked, id=8028, stack(0x0000000022d60000,0x0000000022e60000)]
  0x00000000205c6800 JavaThread "http-nio-8080-exec-5" daemon [_thread_blocked, id=10396, stack(0x0000000022c60000,0x0000000022d60000)]
  0x00000000205c7000 JavaThread "http-nio-8080-exec-4" daemon [_thread_blocked, id=5340, stack(0x0000000022b60000,0x0000000022c60000)]
  0x000000000da97800 JavaThread "http-nio-8080-exec-3" daemon [_thread_blocked, id=4664, stack(0x0000000022a60000,0x0000000022b60000)]
  0x000000000d5ce000 JavaThread "http-nio-8080-exec-2" daemon [_thread_blocked, id=4084, stack(0x0000000022960000,0x0000000022a60000)]
  0x000000000b4ab800 JavaThread "http-nio-8080-exec-1" daemon [_thread_blocked, id=2332, stack(0x0000000022860000,0x0000000022960000)]
  0x000000000ad4a800 JavaThread "NioBlockingSelector.BlockPoller-1" daemon [_thread_in_native, id=7356, stack(0x0000000020420000,0x0000000020520000)]
  0x000000001f742000 JavaThread "container-0" [_thread_blocked, id=3144, stack(0x000000000ed90000,0x000000000ee90000)]
  0x000000000d68b000 JavaThread "ContainerBackgroundProcessor[StandardEngine[Tomcat]]" daemon [_thread_blocked, id=1892, stack(0x000000000e690000,0x000000000e790000)]
  0x000000000999c000 JavaThread "Service Thread" daemon [_thread_blocked, id=7528, stack(0x000000000a8f0000,0x000000000a9f0000)]
  0x0000000009933000 JavaThread "C1 CompilerThread3" daemon [_thread_blocked, id=5976, stack(0x000000000a7f0000,0x000000000a8f0000)]
  0x000000000990d000 JavaThread "C2 CompilerThread2" daemon [_thread_blocked, id=10524, stack(0x000000000a6f0000,0x000000000a7f0000)]
  0x000000000990c800 JavaThread "C2 CompilerThread1" daemon [_thread_blocked, id=7684, stack(0x000000000a5f0000,0x000000000a6f0000)]
  0x0000000009903800 JavaThread "C2 CompilerThread0" daemon [_thread_blocked, id=4148, stack(0x000000000a4f0000,0x000000000a5f0000)]
  0x00000000098f5800 JavaThread "JDWP Command Reader" daemon [_thread_in_native, id=7580, stack(0x000000000a3f0000,0x000000000a4f0000)]
  0x00000000098f4800 JavaThread "JDWP Event Helper Thread" daemon [_thread_blocked, id=1532, stack(0x000000000a2f0000,0x000000000a3f0000)]
=>0x00000000098e4800 JavaThread "JDWP Transport Listener: dt_socket" daemon [_thread_in_vm, id=4252, stack(0x000000000a1f0000,0x000000000a2f0000)]
  0x00000000098d9800 JavaThread "Attach Listener" daemon [_thread_blocked, id=8672, stack(0x0000000009db0000,0x0000000009eb0000)]
  0x00000000098d9000 JavaThread "Signal Dispatcher" daemon [_thread_blocked, id=7768, stack(0x0000000009cb0000,0x0000000009db0000)]
  0x000000000219c800 JavaThread "Finalizer" daemon [_thread_blocked, id=6888, stack(0x00000000090d0000,0x00000000091d0000)]
  0x0000000002196000 JavaThread "Reference Handler" daemon [_thread_blocked, id=11848, stack(0x0000000008fd0000,0x00000000090d0000)]

Other Threads:
  0x0000000007309000 VMThread [stack: 0x0000000008ed0000,0x0000000008fd0000] [id=1172]
  0x00000000099a0000 WatcherThread [stack: 0x000000000a9f0000,0x000000000aaf0000] [id=7524]

VM state:not at safepoint (normal execution)

VM Mutex/Monitor currently owned by a thread: None

Heap:
 PSYoungGen      total 104960K, used 7676K [0x00000000e0980000, 0x00000000e8100000, 0x0000000100000000)
  eden space 92160K, 8% used [0x00000000e0980000,0x00000000e10ff268,0x00000000e6380000)
  from space 12800K, 0% used [0x00000000e7480000,0x00000000e7480000,0x00000000e8100000)
  to   space 14336K, 0% used [0x00000000e6500000,0x00000000e6500000,0x00000000e7300000)
 ParOldGen       total 84992K, used 20494K [0x00000000a1c00000, 0x00000000a6f00000, 0x00000000e0980000)
  object space 84992K, 24% used [0x00000000a1c00000,0x00000000a3003960,0x00000000a6f00000)
 Metaspace       used 34986K, capacity 35364K, committed 35752K, reserved 1081344K
  class space    used 4184K, capacity 4307K, committed 4352K, reserved 1048576K

Card table byte_map: [0x0000000002a00000,0x0000000002d00000] byte_map_base: 0x00000000024f2000

Marking Bits: (ParMarkBitMap*) 0x0000000071984040
 Begin Bits: [0x0000000003700000, 0x0000000004e90000)
 End Bits:   [0x0000000004e90000, 0x0000000006620000)

Polling page: 0x00000000008b0000

CodeCache: size=245760Kb used=13366Kb max_used=13641Kb free=232393Kb
 bounds [0x000000000f010000, 0x000000000fe20000, 0x000000001e010000]
 total_blobs=3875 nmethods=3232 adapters=563
 compilation: enabled

Compilation events (10 events):
Event: 626.216 Thread 0x0000000009933000 3810       1       java.util.concurrent.atomic.AtomicLong::set (6 bytes)
Event: 626.216 Thread 0x0000000009933000 nmethod 3810 0x000000000f728950 code [0x000000000f728aa0, 0x000000000f728bd0]
Event: 648.233 Thread 0x000000000990c800 3811       4       java.util.Collections$UnmodifiableCollection$1::hasNext (10 bytes)
Event: 648.234 Thread 0x000000000990c800 nmethod 3811 0x000000000f3528d0 code [0x000000000f352a00, 0x000000000f352a98]
Event: 663.236 Thread 0x0000000009933000 3812       3       org.apache.catalina.util.LifecycleBase::fireLifecycleEvent (56 bytes)
Event: 663.237 Thread 0x0000000009933000 nmethod 3812 0x000000000f18aed0 code [0x000000000f18b0c0, 0x000000000f18b9c8]
Event: 663.237 Thread 0x0000000009933000 3813       3       org.apache.catalina.LifecycleEvent::<init> (16 bytes)
Event: 663.237 Thread 0x0000000009933000 nmethod 3813 0x000000000f728290 code [0x000000000f728420, 0x000000000f728788]
Event: 689.235 Thread 0x0000000009933000 3814       1       org.apache.tomcat.util.net.NioEndpoint::access$300 (5 bytes)
Event: 689.235 Thread 0x0000000009933000 nmethod 3814 0x000000000f18ac10 code [0x000000000f18ad60, 0x000000000f18ae50]

GC Heap History (10 events):
Event: 2.097 GC heap before
{Heap before GC invocations=6 (full 1):
 PSYoungGen      total 53248K, used 49152K [0x00000000e0980000, 0x00000000e4180000, 0x0000000100000000)
  eden space 49152K, 100% used [0x00000000e0980000,0x00000000e3980000,0x00000000e3980000)
  from space 4096K, 0% used [0x00000000e3d80000,0x00000000e3d80000,0x00000000e4180000)
  to   space 4096K, 0% used [0x00000000e3980000,0x00000000e3980000,0x00000000e3d80000)
 ParOldGen       total 54272K, used 10683K [0x00000000a1c00000, 0x00000000a5100000, 0x00000000e0980000)
  object space 54272K, 19% used [0x00000000a1c00000,0x00000000a266ed80,0x00000000a5100000)
 Metaspace       used 24081K, capacity 24414K, committed 24832K, reserved 1071104K
  class space    used 2901K, capacity 2988K, committed 3072K, reserved 1048576K
Event: 2.101 GC heap after
Heap after GC invocations=6 (full 1):
 PSYoungGen      total 53248K, used 4092K [0x00000000e0980000, 0x00000000e6380000, 0x0000000100000000)
  eden space 49152K, 0% used [0x00000000e0980000,0x00000000e0980000,0x00000000e3980000)
  from space 4096K, 99% used [0x00000000e3980000,0x00000000e3d7f040,0x00000000e3d80000)
  to   space 10240K, 0% used [0x00000000e5980000,0x00000000e5980000,0x00000000e6380000)
 ParOldGen       total 54272K, used 11489K [0x00000000a1c00000, 0x00000000a5100000, 0x00000000e0980000)
  object space 54272K, 21% used [0x00000000a1c00000,0x00000000a2738568,0x00000000a5100000)
 Metaspace       used 24081K, capacity 24414K, committed 24832K, reserved 1071104K
  class space    used 2901K, capacity 2988K, committed 3072K, reserved 1048576K
}
Event: 3.175 GC heap before
{Heap before GC invocations=7 (full 1):
 PSYoungGen      total 53248K, used 53244K [0x00000000e0980000, 0x00000000e6380000, 0x0000000100000000)
  eden space 49152K, 100% used [0x00000000e0980000,0x00000000e3980000,0x00000000e3980000)
  from space 4096K, 99% used [0x00000000e3980000,0x00000000e3d7f040,0x00000000e3d80000)
  to   space 10240K, 0% used [0x00000000e5980000,0x00000000e5980000,0x00000000e6380000)
 ParOldGen       total 54272K, used 11489K [0x00000000a1c00000, 0x00000000a5100000, 0x00000000e0980000)
  object space 54272K, 21% used [0x00000000a1c00000,0x00000000a2738568,0x00000000a5100000)
 Metaspace       used 28218K, capacity 28484K, committed 28928K, reserved 1075200K
  class space    used 3404K, capacity 3469K, committed 3584K, reserved 1048576K
Event: 3.181 GC heap after
Heap after GC invocations=7 (full 1):
 PSYoungGen      total 78848K, used 7957K [0x00000000e0980000, 0x00000000e6280000, 0x0000000100000000)
  eden space 69632K, 0% used [0x00000000e0980000,0x00000000e0980000,0x00000000e4d80000)
  from space 9216K, 86% used [0x00000000e5980000,0x00000000e6145630,0x00000000e6280000)
  to   space 10752K, 0% used [0x00000000e4d80000,0x00000000e4d80000,0x00000000e5800000)
 ParOldGen       total 54272K, used 11497K [0x00000000a1c00000, 0x00000000a5100000, 0x00000000e0980000)
  object space 54272K, 21% used [0x00000000a1c00000,0x00000000a273a568,0x00000000a5100000)
 Metaspace       used 28218K, capacity 28484K, committed 28928K, reserved 1075200K
  class space    used 3404K, capacity 3469K, committed 3584K, reserved 1048576K
}
Event: 4.212 GC heap before
{Heap before GC invocations=8 (full 1):
 PSYoungGen      total 78848K, used 77589K [0x00000000e0980000, 0x00000000e6280000, 0x0000000100000000)
  eden space 69632K, 100% used [0x00000000e0980000,0x00000000e4d80000,0x00000000e4d80000)
  from space 9216K, 86% used [0x00000000e5980000,0x00000000e6145630,0x00000000e6280000)
  to   space 10752K, 0% used [0x00000000e4d80000,0x00000000e4d80000,0x00000000e5800000)
 ParOldGen       total 54272K, used 11497K [0x00000000a1c00000, 0x00000000a5100000, 0x00000000e0980000)
  object space 54272K, 21% used [0x00000000a1c00000,0x00000000a273a568,0x00000000a5100000)
 Metaspace       used 31573K, capacity 31928K, committed 32384K, reserved 1077248K
  class space    used 3758K, capacity 3844K, committed 3968K, reserved 1048576K
Event: 4.221 GC heap after
Heap after GC invocations=8 (full 1):
 PSYoungGen      total 80384K, used 10729K [0x00000000e0980000, 0x00000000e8100000, 0x0000000100000000)
  eden space 69632K, 0% used [0x00000000e0980000,0x00000000e0980000,0x00000000e4d80000)
  from space 10752K, 99% used [0x00000000e4d80000,0x00000000e57fa5a8,0x00000000e5800000)
  to   space 12800K, 0% used [0x00000000e7480000,0x00000000e7480000,0x00000000e8100000)
 ParOldGen       total 54272K, used 13185K [0x00000000a1c00000, 0x00000000a5100000, 0x00000000e0980000)
  object space 54272K, 24% used [0x00000000a1c00000,0x00000000a28e0460,0x00000000a5100000)
 Metaspace       used 31573K, capacity 31928K, committed 32384K, reserved 1077248K
  class space    used 3758K, capacity 3844K, committed 3968K, reserved 1048576K
}
Event: 19.200 GC heap before
{Heap before GC invocations=9 (full 1):
 PSYoungGen      total 80384K, used 55680K [0x00000000e0980000, 0x00000000e8100000, 0x0000000100000000)
  eden space 69632K, 64% used [0x00000000e0980000,0x00000000e3565b60,0x00000000e4d80000)
  from space 10752K, 99% used [0x00000000e4d80000,0x00000000e57fa5a8,0x00000000e5800000)
  to   space 12800K, 0% used [0x00000000e7480000,0x00000000e7480000,0x00000000e8100000)
 ParOldGen       total 54272K, used 13185K [0x00000000a1c00000, 0x00000000a5100000, 0x00000000e0980000)
  object space 54272K, 24% used [0x00000000a1c00000,0x00000000a28e0460,0x00000000a5100000)
 Metaspace       used 34813K, capacity 35140K, committed 35496K, reserved 1081344K
  class space    used 4170K, capacity 4275K, committed 4352K, reserved 1048576K
Event: 19.209 GC heap after
Heap after GC invocations=9 (full 1):
 PSYoungGen      total 104960K, used 12437K [0x00000000e0980000, 0x00000000e8100000, 0x0000000100000000)
  eden space 92160K, 0% used [0x00000000e0980000,0x00000000e0980000,0x00000000e6380000)
  from space 12800K, 97% used [0x00000000e7480000,0x00000000e80a55c0,0x00000000e8100000)
  to   space 14336K, 0% used [0x00000000e6500000,0x00000000e6500000,0x00000000e7300000)
 ParOldGen       total 54272K, used 13193K [0x00000000a1c00000, 0x00000000a5100000, 0x00000000e0980000)
  object space 54272K, 24% used [0x00000000a1c00000,0x00000000a28e2460,0x00000000a5100000)
 Metaspace       used 34813K, capacity 35140K, committed 35496K, reserved 1081344K
  class space    used 4170K, capacity 4275K, committed 4352K, reserved 1048576K
}
Event: 19.209 GC heap before
{Heap before GC invocations=10 (full 2):
 PSYoungGen      total 104960K, used 12437K [0x00000000e0980000, 0x00000000e8100000, 0x0000000100000000)
  eden space 92160K, 0% used [0x00000000e0980000,0x00000000e0980000,0x00000000e6380000)
  from space 12800K, 97% used [0x00000000e7480000,0x00000000e80a55c0,0x00000000e8100000)
  to   space 14336K, 0% used [0x00000000e6500000,0x00000000e6500000,0x00000000e7300000)
 ParOldGen       total 54272K, used 13193K [0x00000000a1c00000, 0x00000000a5100000, 0x00000000e0980000)
  object space 54272K, 24% used [0x00000000a1c00000,0x00000000a28e2460,0x00000000a5100000)
 Metaspace       used 34813K, capacity 35140K, committed 35496K, reserved 1081344K
  class space    used 4170K, capacity 4275K, committed 4352K, reserved 1048576K
Event: 19.267 GC heap after
Heap after GC invocations=10 (full 2):
 PSYoungGen      total 104960K, used 0K [0x00000000e0980000, 0x00000000e8100000, 0x0000000100000000)
  eden space 92160K, 0% used [0x00000000e0980000,0x00000000e0980000,0x00000000e6380000)
  from space 12800K, 0% used [0x00000000e7480000,0x00000000e7480000,0x00000000e8100000)
  to   space 14336K, 0% used [0x00000000e6500000,0x00000000e6500000,0x00000000e7300000)
 ParOldGen       total 84992K, used 20494K [0x00000000a1c00000, 0x00000000a6f00000, 0x00000000e0980000)
  object space 84992K, 24% used [0x00000000a1c00000,0x00000000a3003960,0x00000000a6f00000)
 Metaspace       used 34813K, capacity 35140K, committed 35496K, reserved 1081344K
  class space    used 4170K, capacity 4275K, committed 4352K, reserved 1048576K
}

Deoptimization events (10 events):
Event: 38.455 Thread 0x00000000205c4000 Uncommon trap: reason=unstable_if action=reinterpret pc=0x000000000f2424b8 method=java.lang.AbstractStringBuilder.append(Ljava/lang/String;)Ljava/lang/AbstractStringBuilder; @ 1
Event: 38.457 Thread 0x00000000205c4000 Uncommon trap: reason=unhandled action=none pc=0x000000000f41179c method=java.lang.Class.getDeclaredMethod(Ljava/lang/String;[Ljava/lang/Class;)Ljava/lang/reflect/Method; @ 64
Event: 70.037 Thread 0x000000000da97800 Uncommon trap: reason=unhandled action=none pc=0x000000000f41179c method=java.lang.Class.getDeclaredMethod(Ljava/lang/String;[Ljava/lang/Class;)Ljava/lang/reflect/Method; @ 64
Event: 70.046 Thread 0x00000000205c0800 Uncommon trap: reason=unhandled action=none pc=0x000000000f41179c method=java.lang.Class.getDeclaredMethod(Ljava/lang/String;[Ljava/lang/Class;)Ljava/lang/reflect/Method; @ 64
Event: 70.054 Thread 0x00000000205c1000 Uncommon trap: reason=unhandled action=none pc=0x000000000f41179c method=java.lang.Class.getDeclaredMethod(Ljava/lang/String;[Ljava/lang/Class;)Ljava/lang/reflect/Method; @ 64
Event: 133.593 Thread 0x00000000205c6800 Uncommon trap: reason=bimorphic action=maybe_recompile pc=0x000000000f12c6d8 method=java.lang.Throwable.<init>(Ljava/lang/String;Ljava/lang/Throwable;)V @ 24
Event: 133.594 Thread 0x00000000205c6800 Uncommon trap: reason=unhandled action=none pc=0x000000000fa13cd4 method=java.net.URLClassLoader.findClass(Ljava/lang/String;)Ljava/lang/Class; @ 44
Event: 133.595 Thread 0x00000000205c6800 Uncommon trap: reason=unhandled action=none pc=0x000000000fa13cd4 method=java.net.URLClassLoader.findClass(Ljava/lang/String;)Ljava/lang/Class; @ 44
Event: 133.597 Thread 0x00000000205c6800 Uncommon trap: reason=unstable_if action=reinterpret pc=0x000000000f21c01c method=java.lang.AbstractStringBuilder.append(Ljava/lang/String;)Ljava/lang/AbstractStringBuilder; @ 1
Event: 133.600 Thread 0x00000000205c6800 Uncommon trap: reason=unhandled action=none pc=0x000000000f41179c method=java.lang.Class.getDeclaredMethod(Ljava/lang/String;[Ljava/lang/Class;)Ljava/lang/reflect/Method; @ 64

Internal exceptions (10 events):
Event: 15.639 Thread 0x00000000205c5000 Exception <a 'java/lang/ArrayIndexOutOfBoundsException': 94> (0x00000000e344ea20) thrown at [C:\re\workspace\8-2-build-windows-amd64-cygwin\jdk8u45\3627\hotspot\src\share\vm\interpreter\interpreterRuntime.cpp, line 366]
Event: 15.640 Thread 0x00000000205c5000 Exception <a 'java/lang/ArrayIndexOutOfBoundsException': 38> (0x00000000e3450e28) thrown at [C:\re\workspace\8-2-build-windows-amd64-cygwin\jdk8u45\3627\hotspot\src\share\vm\interpreter\interpreterRuntime.cpp, line 366]
Event: 30.484 Thread 0x00000000205c4000 Exception <a 'java/lang/reflect/InvocationTargetException'> (0x00000000e09bb0a0) thrown at [C:\re\workspace\8-2-build-windows-amd64-cygwin\jdk8u45\3627\hotspot\src\share\vm\runtime\reflection.cpp, line 1080]
Event: 38.453 Thread 0x00000000205c4000 Exception <a 'java/lang/ClassNotFoundException': com.dao.StoreDaoImpl$$Lambda$8/1617644235> (0x00000000e0ca0f60) thrown at [C:\re\workspace\8-2-build-windows-amd64-cygwin\jdk8u45\3627\hotspot\src\share\vm\prims\jni.cpp, line 735]
Event: 38.454 Thread 0x00000000205c4000 Exception <a 'java/lang/ClassNotFoundException': com.dao.StoreDaoImpl$$Lambda$8/1617644235> (0x00000000e0ca2930) thrown at [C:\re\workspace\8-2-build-windows-amd64-cygwin\jdk8u45\3627\hotspot\src\share\vm\prims\jni.cpp, line 735]
Event: 38.455 Thread 0x00000000205c4000 Implicit null exception at 0x000000000f24201c to 0x000000000f24249d
Event: 133.593 Thread 0x00000000205c6800 Exception <a 'java/lang/reflect/InvocationTargetException'> (0x00000000e0da0090) thrown at [C:\re\workspace\8-2-build-windows-amd64-cygwin\jdk8u45\3627\hotspot\src\share\vm\runtime\reflection.cpp, line 1080]
Event: 133.595 Thread 0x00000000205c6800 Exception <a 'java/lang/ClassNotFoundException': com.dao.StoreDaoImpl$$Lambda$8/1617644235> (0x00000000e0dab018) thrown at [C:\re\workspace\8-2-build-windows-amd64-cygwin\jdk8u45\3627\hotspot\src\share\vm\prims\jni.cpp, line 735]
Event: 133.596 Thread 0x00000000205c6800 Exception <a 'java/lang/ClassNotFoundException': com.dao.StoreDaoImpl$$Lambda$8/1617644235> (0x00000000e0dac9e8) thrown at [C:\re\workspace\8-2-build-windows-amd64-cygwin\jdk8u45\3627\hotspot\src\share\vm\prims\jni.cpp, line 735]
Event: 133.597 Thread 0x00000000205c6800 Implicit null exception at 0x000000000f21bbd9 to 0x000000000f21c005

Events (10 events):
Event: 133.596 Thread 0x00000000205c6800 DEOPT PACKING pc=0x000000000f7cc2dc sp=0x0000000022d5e2d0
Event: 133.596 Thread 0x00000000205c6800 DEOPT UNPACKING pc=0x000000000f05787f sp=0x0000000022d5e028 mode 1
Event: 133.597 Thread 0x00000000205c6800 Uncommon trap: trap_request=0xffffff65 fr.pc=0x000000000f21c01c
Event: 133.597 Thread 0x00000000205c6800 DEOPT PACKING pc=0x000000000f21c01c sp=0x0000000022d5dd80
Event: 133.597 Thread 0x00000000205c6800 DEOPT UNPACKING pc=0x000000000f05582a sp=0x0000000022d5dd80 mode 2
Event: 133.600 Thread 0x00000000205c6800 Uncommon trap: trap_request=0xffffffa7 fr.pc=0x000000000f41179c
Event: 133.600 Thread 0x00000000205c6800 DEOPT PACKING pc=0x000000000f41179c sp=0x0000000022d5dbb0
Event: 133.600 Thread 0x00000000205c6800 DEOPT UNPACKING pc=0x000000000f05582a sp=0x0000000022d5db90 mode 2
Event: 794.787 Executing VM operation: RedefineClasses
Event: 794.808 Executing VM operation: RedefineClasses done


Dynamic libraries:
0x00007ff7dbe00000 - 0x00007ff7dbe37000 	C:\Program Files\Java\jdk1.8.0_45\bin\javaw.exe
0x00007ffe9c000000 - 0x00007ffe9c1d1000 	C:\WINDOWS\SYSTEM32\ntdll.dll
0x00007ffe99850000 - 0x00007ffe998fb000 	C:\WINDOWS\System32\KERNEL32.DLL
0x00007ffe99190000 - 0x00007ffe993ad000 	C:\WINDOWS\System32\KERNELBASE.dll
0x00007ffe995d0000 - 0x00007ffe99672000 	C:\WINDOWS\System32\ADVAPI32.dll
0x00007ffe9bf60000 - 0x00007ffe9bffe000 	C:\WINDOWS\System32\msvcrt.dll
0x00007ffe99570000 - 0x00007ffe995c9000 	C:\WINDOWS\System32\sechost.dll
0x00007ffe9a180000 - 0x00007ffe9a2a1000 	C:\WINDOWS\System32\RPCRT4.dll
0x00007ffe9a580000 - 0x00007ffe9a6e5000 	C:\WINDOWS\System32\USER32.dll
0x00007ffe99550000 - 0x00007ffe9956e000 	C:\WINDOWS\System32\win32u.dll
0x00007ffe9a6f0000 - 0x00007ffe9a724000 	C:\WINDOWS\System32\GDI32.dll
0x00007ffe98800000 - 0x00007ffe98982000 	C:\WINDOWS\System32\gdi32full.dll
0x00007ffe91630000 - 0x00007ffe918aa000 	C:\WINDOWS\WinSxS\amd64_microsoft.windows.common-controls_6595b64144ccf1df_6.0.14393.953_none_42151e83c686086b\COMCTL32.dll
0x00007ffe9a2b0000 - 0x00007ffe9a578000 	C:\WINDOWS\System32\combase.dll
0x00007ffe99450000 - 0x00007ffe99545000 	C:\WINDOWS\System32\ucrtbase.dll
0x00007ffe98990000 - 0x00007ffe989fa000 	C:\WINDOWS\System32\bcryptPrimitives.dll
0x00007ffe9bf30000 - 0x00007ffe9bf5e000 	C:\WINDOWS\System32\IMM32.DLL
0x00007ffe98340000 - 0x00007ffe98371000 	C:\Windows\system32\nvinitx.dll
0x00007ffe98330000 - 0x00007ffe9833a000 	C:\WINDOWS\SYSTEM32\VERSION.dll
0x000000000f000000 - 0x000000000f006000 	C:\Program Files\NVIDIA Corporation\CoProcManager\_etoured.dll
0x00007ffe96830000 - 0x00007ffe96862000 	C:\Program Files\NVIDIA Corporation\CoProcManager\nvd3d9wrapx.dll
0x00007ffe99ac0000 - 0x00007ffe99ee9000 	C:\WINDOWS\System32\SETUPAPI.dll
0x00007ffe98a00000 - 0x00007ffe98a42000 	C:\WINDOWS\System32\cfgmgr32.dll
0x00007ffe96800000 - 0x00007ffe96822000 	C:\Program Files\NVIDIA Corporation\CoProcManager\nvdxgiwrapx.dll
0x00007ffe97790000 - 0x00007ffe977c2000 	C:\WINDOWS\SYSTEM32\ntmarta.dll
0x00007ffe98060000 - 0x00007ffe9808c000 	C:\WINDOWS\SYSTEM32\SspiCli.dll
0x0000000071a10000 - 0x0000000071ae2000 	C:\Program Files\Java\jdk1.8.0_45\jre\bin\msvcr100.dll
0x0000000071180000 - 0x0000000071a03000 	C:\Program Files\Java\jdk1.8.0_45\jre\bin\server\jvm.dll
0x00007ffe99f00000 - 0x00007ffe99f08000 	C:\WINDOWS\System32\PSAPI.DLL
0x00007ffe898e0000 - 0x00007ffe898e9000 	C:\WINDOWS\SYSTEM32\WSOCK32.dll
0x00007ffe963f0000 - 0x00007ffe96413000 	C:\WINDOWS\SYSTEM32\WINMM.dll
0x00007ffe9a8b0000 - 0x00007ffe9a91a000 	C:\WINDOWS\System32\WS2_32.dll
0x0000000002020000 - 0x000000000204b000 	C:\WINDOWS\SYSTEM32\WINMMBASE.dll
0x0000000072a90000 - 0x0000000072a9f000 	C:\Program Files\Java\jdk1.8.0_45\jre\bin\verify.dll
0x0000000071150000 - 0x0000000071179000 	C:\Program Files\Java\jdk1.8.0_45\jre\bin\java.dll
0x0000000071110000 - 0x0000000071145000 	C:\Program Files\Java\jdk1.8.0_45\jre\bin\jdwp.dll
0x0000000072a80000 - 0x0000000072a88000 	C:\Program Files\Java\jdk1.8.0_45\jre\bin\npt.dll
0x00000000710f0000 - 0x0000000071106000 	C:\Program Files\Java\jdk1.8.0_45\jre\bin\zip.dll
0x00007ffe9a920000 - 0x00007ffe9be28000 	C:\WINDOWS\System32\SHELL32.dll
0x00000000091d0000 - 0x00000000098aa000 	C:\WINDOWS\System32\windows.storage.dll
0x00007ffe98470000 - 0x00007ffe984bc000 	C:\WINDOWS\System32\powrprof.dll
0x00007ffe99a60000 - 0x00007ffe99ab2000 	C:\WINDOWS\System32\shlwapi.dll
0x00007ffe984c0000 - 0x00007ffe984cf000 	C:\WINDOWS\System32\kernel.appcore.dll
0x00007ffe98750000 - 0x00007ffe987f9000 	C:\WINDOWS\System32\shcore.dll
0x00007ffe98450000 - 0x00007ffe98464000 	C:\WINDOWS\System32\profapi.dll
0x0000000072a60000 - 0x0000000072a69000 	C:\Program Files\Java\jdk1.8.0_45\jre\bin\dt_socket.dll
0x00007ffe89460000 - 0x00007ffe89476000 	C:\WINDOWS\system32\napinsp.dll
0x00007ffe89480000 - 0x00007ffe8949a000 	C:\WINDOWS\system32\pnrpnsp.dll
0x00007ffe960e0000 - 0x00007ffe960f8000 	C:\WINDOWS\system32\NLAapi.dll
0x00007ffe97cc0000 - 0x00007ffe97d1c000 	C:\WINDOWS\System32\mswsock.dll
0x00007ffe97a80000 - 0x00007ffe97b21000 	C:\WINDOWS\SYSTEM32\DNSAPI.dll
0x00007ffe99840000 - 0x00007ffe99848000 	C:\WINDOWS\System32\NSI.dll
0x00007ffe97a40000 - 0x00007ffe97a78000 	C:\WINDOWS\SYSTEM32\IPHLPAPI.DLL
0x00007ffe894a0000 - 0x00007ffe894ae000 	C:\WINDOWS\System32\winrnr.dll
0x00007ffe90ff0000 - 0x00007ffe9105a000 	C:\WINDOWS\System32\fwpuclnt.dll
0x00007ffe98380000 - 0x00007ffe983ab000 	C:\WINDOWS\SYSTEM32\bcrypt.dll
0x00007ffe90980000 - 0x00007ffe9098a000 	C:\Windows\System32\rasadhlp.dll
0x00000000710e0000 - 0x00000000710ed000 	C:\Program Files\Java\jdk1.8.0_45\jre\bin\management.dll
0x00000000710c0000 - 0x00000000710da000 	C:\Program Files\Java\jdk1.8.0_45\jre\bin\net.dll
0x00000000710a0000 - 0x00000000710b1000 	C:\Program Files\Java\jdk1.8.0_45\jre\bin\nio.dll
0x00007ffe97e60000 - 0x00007ffe97e77000 	C:\WINDOWS\SYSTEM32\CRYPTSP.dll
0x00007ffe978c0000 - 0x00007ffe978f3000 	C:\WINDOWS\system32\rsaenh.dll
0x00007ffe97b40000 - 0x00007ffe97b5f000 	C:\WINDOWS\SYSTEM32\USERENV.dll
0x00007ffe97e80000 - 0x00007ffe97e8b000 	C:\WINDOWS\SYSTEM32\CRYPTBASE.dll
0x00007ffe944c0000 - 0x00007ffe944d6000 	C:\WINDOWS\SYSTEM32\dhcpcsvc6.DLL
0x00007ffe943f0000 - 0x00007ffe9440a000 	C:\WINDOWS\SYSTEM32\dhcpcsvc.DLL
0x00007ffe88940000 - 0x00007ffe88ad2000 	C:\WINDOWS\SYSTEM32\dbghelp.dll

VM Arguments:
jvm_args: -agentlib:jdwp=transport=dt_socket,suspend=y,address=localhost:62506 -Dfile.encoding=UTF-8 
java_command: PetStoreApplication
java_class_path (initial): C:\Users\Asus\workspace\petStore\target\classes;C:\Users\Asus\.m2\repository\javax\validation\validation-api\1.1.0.Final\validation-api-1.1.0.Final.jar;C:\Users\Asus\.m2\repository\org\springframework\boot\spring-boot\1.5.3.RELEASE\spring-boot-1.5.3.RELEASE.jar;C:\Users\Asus\.m2\repository\org\springframework\boot\spring-boot-autoconfigure\1.5.3.RELEASE\spring-boot-autoconfigure-1.5.3.RELEASE.jar;C:\Users\Asus\.m2\repository\org\slf4j\slf4j-api\1.7.25\slf4j-api-1.7.25.jar;C:\Users\Asus\.m2\repository\org\springframework\spring-core\4.3.8.RELEASE\spring-core-4.3.8.RELEASE.jar;C:\Users\Asus\.m2\repository\org\springframework\boot\spring-boot-starter-web\1.5.3.RELEASE\spring-boot-starter-web-1.5.3.RELEASE.jar;C:\Users\Asus\.m2\repository\org\springframework\boot\spring-boot-starter\1.5.3.RELEASE\spring-boot-starter-1.5.3.RELEASE.jar;C:\Users\Asus\.m2\repository\org\springframework\boot\spring-boot-starter-logging\1.5.3.RELEASE\spring-boot-starter-logging-1.5.3.RELEASE.jar;C:\Users\Asus\.m2\repository\ch\qos\logback\logback-classic\1.1.11\logback-classic-1.1.11.jar;C:\Users\Asus\.m2\repository\ch\qos\logback\logback-core\1.1.11\logback-core-1.1.11.jar;C:\Users\Asus\.m2\repository\org\slf4j\jcl-over-slf4j\1.7.25\jcl-over-slf4j-1.7.25.jar;C:\Users\Asus\.m2\repository\org\slf4j\jul-to-slf4j\1.7.25\jul-to-slf4j-1.7.25.jar;C:\Users\Asus\.m2\repository\org\slf4j\log4j-over-slf4j\1.7.25\log4j-over-slf4j-1.7.25.jar;C:\Users\Asus\.m2\repository\org\yaml\snakeyaml\1.17\snakeyaml-1.17.jar;C:\Users\Asus\.m2\repository\org\springframework\boot\spring-boot-starter-tomcat\1.5.3.RELEASE\spring-boot-starter-tomcat-1.5.3.RELEASE.jar;C:\Users\Asus\.m2\repository\org\apache\tomcat\embed\tomcat-embed-core\8.5.14\tomcat-embed-core-8.5.14.jar;C:\Users\Asus\.m2\repository\org\apache\tomcat\embed\tomcat-embed-el\8.5.14\tomcat-embed-el-8.5.14.jar;C:\Users\Asus\.m2\repository\org\apache\tomcat\embed\tomcat-embed-websocket\8.5.14\tomcat-embed-websocket-8.5.14.jar;C:\Us
Launcher Type: SUN_STANDARD

Environment Variables:
JAVA_HOME=C:\Program Files\Java\jdk1.8.0_45
PATH=C:\Program Files\Java\jdk1.8.0_45\jre\bin;C:/Program Files/Java/jre1.8.0_131/bin/server;C:/Program Files/Java/jre1.8.0_131/bin;C:/Program Files/Java/jre1.8.0_131/lib/amd64;C:\ProgramData\Oracle\Java\javapath;C:\Program Files (x86)\Intel\iCLS Client\;C:\Program Files\Intel\iCLS Client\;C:\Windows\system32;C:\Windows;C:\Windows\System32\Wbem;C:\Windows\System32\WindowsPowerShell\v1.0\;C:\Program Files\Intel\Intel(R) Management Engine Components\DAL;C:\Program Files\Intel\Intel(R) Management Engine Components\IPT;C:\Program Files (x86)\Intel\Intel(R) Management Engine Components\DAL;C:\Program Files (x86)\Intel\Intel(R) Management Engine Components\IPT;C:\Program Files (x86)\NVIDIA Corporation\PhysX\Common;C:\WINDOWS\system32;C:\WINDOWS;C:\WINDOWS\System32\Wbem;C:\WINDOWS\System32\WindowsPowerShell\v1.0\;C:\Program Files (x86)\Skype\Phone\;C:\Python27\Lib\site-packages\PyQt4;C:\Python27;C:\Python27\DLLs;C:\Python27\Scripts;C:\Python27\gnuplot\binary;C:\Program Files (x86)\pythonxy\SciTE-3.5.1-4;C:\Program Files (x86)\pythonxy\console;"C:\Program Files\apache-maven-3.5.0\bin";C:\Users\Asus\eclipse\jee-neon\eclipse;
USERNAME=Asus
OS=Windows_NT
PROCESSOR_IDENTIFIER=Intel64 Family 6 Model 58 Stepping 9, GenuineIntel



---------------  S Y S T E M  ---------------

OS: Windows 10.0 , 64 bit Build 14393 (10.0.14393.0)

CPU:total 8 (4 cores per cpu, 2 threads per core) family 6 model 58 stepping 9, cmov, cx8, fxsr, mmx, sse, sse2, sse3, ssse3, sse4.1, sse4.2, popcnt, avx, aes, clmul, erms, ht, tsc, tscinvbit, tscinv

Memory: 4k page, physical 6174544k(2375228k free), swap 12466000k(7916952k free)

vm_info: Java HotSpot(TM) 64-Bit Server VM (25.45-b02) for windows-amd64 JRE (1.8.0_45-b15), built on Apr 30 2015 12:40:44 by "java_re" with MS VC++ 10.0 (VS2010)

time: Thu May 04 21:37:10 2017
elapsed time: 794 seconds (0d 0h 13m 14s)

