#
# A fatal error has been detected by the Java Runtime Environment:
#
#  EXCEPTION_ACCESS_VIOLATION (0xc0000005) at pc=0x00000000712982b5, pid=7492, tid=9736
#
# JRE version: Java(TM) SE Runtime Environment (8.0_45-b15) (build 1.8.0_45-b15)
# Java VM: Java HotSpot(TM) 64-Bit Server VM (25.45-b02 mixed mode windows-amd64 compressed oops)
# Problematic frame:
# V  [jvm.dll+0x1282b5]
#
# Failed to write core dump. Minidumps are not enabled by default on client versions of Windows
#
# If you would like to submit a bug report, please visit:
#   http://bugreport.java.com/bugreport/crash.jsp
#

---------------  T H R E A D  ---------------

Current thread (0x0000000009721800):  JavaThread "JDWP Transport Listener: dt_socket" daemon [_thread_in_vm, id=9736, stack(0x000000000a030000,0x000000000a130000)]

siginfo: ExceptionCode=0xc0000005, reading address 0xffffffffffffffff

Registers:
RAX=0x000000000a12f801, RBX=0x0000000009721800, RCX=0x74614d73726f7473, RDX=0x0000000000000000
RSP=0x000000000a12f800, RBP=0x74614d73726f7473, RSI=0x000000000a12f918, RDI=0x000000000205b5e0
R8 =0x0000000009721800, R9 =0x0000000000008000, R10=0x0000000000000000, R11=0x000000000bcbb073
R12=0x0000000000000000, R13=0x000000000971c9f8, R14=0x0000000000000000, R15=0x0000000000000000
RIP=0x00000000712982b5, EFLAGS=0x0000000000010202

Top of Stack: (sp=0x000000000a12f800)
0x000000000a12f800:   0000000009721800 0000000009721800
0x000000000a12f810:   000000000a12f8c8 000000007149c7db
0x000000000a12f820:   0000000009721800 00000000714b903d
0x000000000a12f830:   0000000000000000 0000000071119155
0x000000000a12f840:   000000001f807c20 000000007112291e
0x000000000a12f850:   0000000009721800 0000000000000000
0x000000000a12f860:   0000000000000000 0000000000000000
0x000000000a12f870:   74614d73726f7473 0000000071121a15
0x000000000a12f880:   000000000a12f918 000000000a12f8f0
0x000000000a12f890:   0000000000000001 000000001f807c20
0x000000000a12f8a0:   74614d73726f7473 00000000711053b3
0x000000000a12f8b0:   000000000a12f9e0 0000000000000001
0x000000000a12f8c0:   0000000000000001 000000001f807c20
0x000000000a12f8d0:   00000000f000100a 0000000000000000
0x000000000a12f8e0:   0000000000000000 0000000000000000
0x000000000a12f8f0:   0000000000000001 0000000071105571 

Instructions: (pc=0x00000000712982b5)
0x0000000071298295:   cc cc cc cc cc cc cc cc cc cc cc 48 83 ec 28 48
0x00000000712982a5:   85 c9 75 07 33 c0 48 83 c4 28 c3 48 89 5c 24 20
0x00000000712982b5:   48 8b 19 48 85 db 74 20 48 83 fb 37 74 1a 48 8b
0x00000000712982c5:   13 48 8b cb ff 52 10 84 c0 74 0d 48 8b c3 48 8b 


Register to memory mapping:

RAX=0x000000000a12f801 is pointing into the stack for thread: 0x0000000009721800
RBX=0x0000000009721800 is a thread
RCX=0x74614d73726f7473 is an unknown value
RDX=0x0000000000000000 is an unknown value
RSP=0x000000000a12f800 is pointing into the stack for thread: 0x0000000009721800
RBP=0x74614d73726f7473 is an unknown value
RSI=0x000000000a12f918 is pointing into the stack for thread: 0x0000000009721800
RDI=0x000000000205b5e0 is an unknown value
R8 =0x0000000009721800 is a thread
R9 =0x0000000000008000 is an unknown value
R10=0x0000000000000000 is an unknown value
R11=0x000000000bcbb073 is an unknown value
R12=0x0000000000000000 is an unknown value
R13=0x000000000971c9f8 is an unknown value
R14=0x0000000000000000 is an unknown value
R15=0x0000000000000000 is an unknown value


Stack: [0x000000000a030000,0x000000000a130000],  sp=0x000000000a12f800,  free space=1022k
Native frames: (J=compiled Java code, j=interpreted, Vv=VM code, C=native code)
V  [jvm.dll+0x1282b5]
V  [jvm.dll+0x34903d]
C  [jdwp.dll+0x21a15]
C  [jdwp.dll+0x53b3]
C  [jdwp.dll+0x5571]
C  [jdwp.dll+0xf0a8]
C  [jdwp.dll+0x1f2d5]
C  [jdwp.dll+0x1f4aa]
V  [jvm.dll+0x1bae98]
V  [jvm.dll+0x241984]
V  [jvm.dll+0x29853a]
C  [msvcr100.dll+0x21d9f]
C  [msvcr100.dll+0x21e3b]
C  [KERNEL32.DLL+0x8364]
C  [ntdll.dll+0x670d1]


---------------  P R O C E S S  ---------------

Java Threads: ( => current thread )
  0x0000000020829800 JavaThread "DestroyJavaVM" [_thread_blocked, id=9172, stack(0x0000000002730000,0x0000000002830000)]
  0x000000002082a000 JavaThread "http-nio-8080-AsyncTimeout" daemon [_thread_blocked, id=10832, stack(0x00000000234c0000,0x00000000235c0000)]
  0x0000000020828800 JavaThread "http-nio-8080-Acceptor-0" daemon [_thread_in_native, id=1808, stack(0x00000000233c0000,0x00000000234c0000)]
  0x000000000b87e000 JavaThread "http-nio-8080-ClientPoller-1" daemon [_thread_in_native, id=8916, stack(0x00000000232c0000,0x00000000233c0000)]
  0x000000000b87b000 JavaThread "http-nio-8080-ClientPoller-0" daemon [_thread_in_native, id=4208, stack(0x00000000231c0000,0x00000000232c0000)]
  0x000000000b880000 JavaThread "http-nio-8080-exec-10" daemon [_thread_blocked, id=11748, stack(0x00000000230c0000,0x00000000231c0000)]
  0x000000000b881800 JavaThread "http-nio-8080-exec-9" daemon [_thread_blocked, id=5624, stack(0x0000000022fc0000,0x00000000230c0000)]
  0x000000000b87f800 JavaThread "http-nio-8080-exec-8" daemon [_thread_blocked, id=1644, stack(0x0000000022ec0000,0x0000000022fc0000)]
  0x000000000b87b800 JavaThread "http-nio-8080-exec-7" daemon [_thread_blocked, id=9376, stack(0x0000000022dc0000,0x0000000022ec0000)]
  0x000000000b87e800 JavaThread "http-nio-8080-exec-6" daemon [_thread_blocked, id=8516, stack(0x0000000022cc0000,0x0000000022dc0000)]
  0x000000000b881000 JavaThread "http-nio-8080-exec-5" daemon [_thread_blocked, id=5536, stack(0x0000000022bc0000,0x0000000022cc0000)]
  0x000000000b8be000 JavaThread "http-nio-8080-exec-4" daemon [_thread_blocked, id=5512, stack(0x0000000022ac0000,0x0000000022bc0000)]
  0x0000000020f60800 JavaThread "http-nio-8080-exec-3" daemon [_thread_blocked, id=12932, stack(0x00000000229c0000,0x0000000022ac0000)]
  0x000000001fdc2800 JavaThread "http-nio-8080-exec-2" daemon [_thread_blocked, id=6756, stack(0x00000000228c0000,0x00000000229c0000)]
  0x000000001ff74800 JavaThread "http-nio-8080-exec-1" daemon [_thread_blocked, id=7332, stack(0x00000000227c0000,0x00000000228c0000)]
  0x000000000ab8a000 JavaThread "NioBlockingSelector.BlockPoller-1" daemon [_thread_in_native, id=2812, stack(0x00000000226c0000,0x00000000227c0000)]
  0x000000002013c800 JavaThread "container-0" [_thread_blocked, id=4888, stack(0x0000000021260000,0x0000000021360000)]
  0x000000000bac8800 JavaThread "ContainerBackgroundProcessor[StandardEngine[Tomcat]]" daemon [_thread_blocked, id=6344, stack(0x000000000ee50000,0x000000000ef50000)]
  0x00000000097db000 JavaThread "Service Thread" daemon [_thread_blocked, id=7212, stack(0x000000000a730000,0x000000000a830000)]
  0x000000000974e000 JavaThread "C1 CompilerThread3" daemon [_thread_blocked, id=7984, stack(0x000000000a630000,0x000000000a730000)]
  0x000000000974d000 JavaThread "C2 CompilerThread2" daemon [_thread_blocked, id=12192, stack(0x000000000a530000,0x000000000a630000)]
  0x000000000974c800 JavaThread "C2 CompilerThread1" daemon [_thread_blocked, id=1604, stack(0x000000000a430000,0x000000000a530000)]
  0x0000000009742800 JavaThread "C2 CompilerThread0" daemon [_thread_blocked, id=12260, stack(0x000000000a330000,0x000000000a430000)]
  0x0000000009735800 JavaThread "JDWP Command Reader" daemon [_thread_in_native, id=2512, stack(0x000000000a230000,0x000000000a330000)]
  0x0000000009734800 JavaThread "JDWP Event Helper Thread" daemon [_thread_blocked, id=11456, stack(0x000000000a130000,0x000000000a230000)]
=>0x0000000009721800 JavaThread "JDWP Transport Listener: dt_socket" daemon [_thread_in_vm, id=9736, stack(0x000000000a030000,0x000000000a130000)]
  0x0000000009725800 JavaThread "Attach Listener" daemon [_thread_blocked, id=2804, stack(0x0000000009bf0000,0x0000000009cf0000)]
  0x0000000009724000 JavaThread "Signal Dispatcher" daemon [_thread_blocked, id=1876, stack(0x0000000009af0000,0x0000000009bf0000)]
  0x000000000201c000 JavaThread "Finalizer" daemon [_thread_blocked, id=9428, stack(0x0000000008f00000,0x0000000009000000)]
  0x000000000713d000 JavaThread "Reference Handler" daemon [_thread_blocked, id=12300, stack(0x0000000008e00000,0x0000000008f00000)]

Other Threads:
  0x0000000007138800 VMThread [stack: 0x0000000008d00000,0x0000000008e00000] [id=7696]
  0x00000000097e7000 WatcherThread [stack: 0x000000000a830000,0x000000000a930000] [id=2492]

VM state:not at safepoint (normal execution)

VM Mutex/Monitor currently owned by a thread: None

Heap:
 PSYoungGen      total 107008K, used 5896K [0x00000000e0980000, 0x00000000e8300000, 0x0000000100000000)
  eden space 94208K, 6% used [0x00000000e0980000,0x00000000e0f42360,0x00000000e6580000)
  from space 12800K, 0% used [0x00000000e7680000,0x00000000e7680000,0x00000000e8300000)
  to   space 14336K, 0% used [0x00000000e6700000,0x00000000e6700000,0x00000000e7500000)
 ParOldGen       total 83456K, used 20496K [0x00000000a1c00000, 0x00000000a6d80000, 0x00000000e0980000)
  object space 83456K, 24% used [0x00000000a1c00000,0x00000000a3004000,0x00000000a6d80000)
 Metaspace       used 35306K, capacity 35722K, committed 36136K, reserved 1081344K
  class space    used 4228K, capacity 4340K, committed 4400K, reserved 1048576K

Card table byte_map: [0x0000000002830000,0x0000000002b30000] byte_map_base: 0x0000000002322000

Marking Bits: (ParMarkBitMap*) 0x0000000071974040
 Begin Bits: [0x0000000003530000, 0x0000000004cc0000)
 End Bits:   [0x0000000004cc0000, 0x0000000006450000)

Polling page: 0x0000000000710000

CodeCache: size=245760Kb used=13477Kb max_used=13945Kb free=232282Kb
 bounds [0x000000000f010000, 0x000000000feb0000, 0x000000001e010000]
 total_blobs=3780 nmethods=3119 adapters=581
 compilation: enabled

Compilation events (10 events):
Event: 81.445 Thread 0x000000000974e000 3669       3       java.nio.CharBuffer::<init> (22 bytes)
Event: 81.445 Thread 0x000000000974e000 nmethod 3669 0x000000000f335fd0 code [0x000000000f336140, 0x000000000f336328]
Event: 81.446 Thread 0x000000000974e000 3671       3       java.nio.Buffer::rewind (12 bytes)
Event: 81.446 Thread 0x000000000974e000 nmethod 3671 0x000000000fda6f50 code [0x000000000fda70a0, 0x000000000fda7210]
Event: 81.446 Thread 0x000000000974e000 3673       1       org.apache.coyote.ErrorState::isError (5 bytes)
Event: 81.446 Thread 0x000000000974e000 nmethod 3673 0x000000000f335d10 code [0x000000000f335e60, 0x000000000f335f70]
Event: 81.446 Thread 0x000000000974e000 3672       1       org.apache.coyote.Response::getStatus (5 bytes)
Event: 81.446 Thread 0x000000000974e000 nmethod 3672 0x000000000f335a50 code [0x000000000f335ba0, 0x000000000f335cb0]
Event: 81.790 Thread 0x000000000974e000 3674       1       org.apache.tomcat.util.net.AbstractEndpoint::isPaused (5 bytes)
Event: 81.791 Thread 0x000000000974e000 nmethod 3674 0x000000000f335790 code [0x000000000f3358e0, 0x000000000f3359f0]

GC Heap History (10 events):
Event: 2.273 GC heap before
{Heap before GC invocations=6 (full 1):
 PSYoungGen      total 53248K, used 49152K [0x00000000e0980000, 0x00000000e4180000, 0x0000000100000000)
  eden space 49152K, 100% used [0x00000000e0980000,0x00000000e3980000,0x00000000e3980000)
  from space 4096K, 0% used [0x00000000e3d80000,0x00000000e3d80000,0x00000000e4180000)
  to   space 4096K, 0% used [0x00000000e3980000,0x00000000e3980000,0x00000000e3d80000)
 ParOldGen       total 54272K, used 10860K [0x00000000a1c00000, 0x00000000a5100000, 0x00000000e0980000)
  object space 54272K, 20% used [0x00000000a1c00000,0x00000000a269b1f0,0x00000000a5100000)
 Metaspace       used 24268K, capacity 24574K, committed 24880K, reserved 1071104K
  class space    used 2942K, capacity 3020K, committed 3120K, reserved 1048576K
Event: 2.278 GC heap after
Heap after GC invocations=6 (full 1):
 PSYoungGen      total 53248K, used 4078K [0x00000000e0980000, 0x00000000e6480000, 0x0000000100000000)
  eden space 49152K, 0% used [0x00000000e0980000,0x00000000e0980000,0x00000000e3980000)
  from space 4096K, 99% used [0x00000000e3980000,0x00000000e3d7baa0,0x00000000e3d80000)
  to   space 10240K, 0% used [0x00000000e5a80000,0x00000000e5a80000,0x00000000e6480000)
 ParOldGen       total 54272K, used 11701K [0x00000000a1c00000, 0x00000000a5100000, 0x00000000e0980000)
  object space 54272K, 21% used [0x00000000a1c00000,0x00000000a276d460,0x00000000a5100000)
 Metaspace       used 24268K, capacity 24574K, committed 24880K, reserved 1071104K
  class space    used 2942K, capacity 3020K, committed 3120K, reserved 1048576K
}
Event: 3.329 GC heap before
{Heap before GC invocations=7 (full 1):
 PSYoungGen      total 53248K, used 53230K [0x00000000e0980000, 0x00000000e6480000, 0x0000000100000000)
  eden space 49152K, 100% used [0x00000000e0980000,0x00000000e3980000,0x00000000e3980000)
  from space 4096K, 99% used [0x00000000e3980000,0x00000000e3d7baa0,0x00000000e3d80000)
  to   space 10240K, 0% used [0x00000000e5a80000,0x00000000e5a80000,0x00000000e6480000)
 ParOldGen       total 54272K, used 11701K [0x00000000a1c00000, 0x00000000a5100000, 0x00000000e0980000)
  object space 54272K, 21% used [0x00000000a1c00000,0x00000000a276d478,0x00000000a5100000)
 Metaspace       used 28507K, capacity 28804K, committed 28976K, reserved 1075200K
  class space    used 3444K, capacity 3533K, committed 3632K, reserved 1048576K
Event: 3.335 GC heap after
Heap after GC invocations=7 (full 1):
 PSYoungGen      total 78848K, used 8084K [0x00000000e0980000, 0x00000000e6300000, 0x0000000100000000)
  eden space 70144K, 0% used [0x00000000e0980000,0x00000000e0980000,0x00000000e4e00000)
  from space 8704K, 92% used [0x00000000e5a80000,0x00000000e62653e8,0x00000000e6300000)
  to   space 10752K, 0% used [0x00000000e4e00000,0x00000000e4e00000,0x00000000e5880000)
 ParOldGen       total 54272K, used 11709K [0x00000000a1c00000, 0x00000000a5100000, 0x00000000e0980000)
  object space 54272K, 21% used [0x00000000a1c00000,0x00000000a276f478,0x00000000a5100000)
 Metaspace       used 28507K, capacity 28804K, committed 28976K, reserved 1075200K
  class space    used 3444K, capacity 3533K, committed 3632K, reserved 1048576K
}
Event: 4.344 GC heap before
{Heap before GC invocations=8 (full 1):
 PSYoungGen      total 78848K, used 78228K [0x00000000e0980000, 0x00000000e6300000, 0x0000000100000000)
  eden space 70144K, 100% used [0x00000000e0980000,0x00000000e4e00000,0x00000000e4e00000)
  from space 8704K, 92% used [0x00000000e5a80000,0x00000000e62653e8,0x00000000e6300000)
  to   space 10752K, 0% used [0x00000000e4e00000,0x00000000e4e00000,0x00000000e5880000)
 ParOldGen       total 54272K, used 11716K [0x00000000a1c00000, 0x00000000a5100000, 0x00000000e0980000)
  object space 54272K, 21% used [0x00000000a1c00000,0x00000000a2771328,0x00000000a5100000)
 Metaspace       used 31826K, capacity 32158K, committed 32304K, reserved 1077248K
  class space    used 3789K, capacity 3878K, committed 3888K, reserved 1048576K
Event: 4.353 GC heap after
Heap after GC invocations=8 (full 1):
 PSYoungGen      total 80896K, used 10740K [0x00000000e0980000, 0x00000000e8300000, 0x0000000100000000)
  eden space 70144K, 0% used [0x00000000e0980000,0x00000000e0980000,0x00000000e4e00000)
  from space 10752K, 99% used [0x00000000e4e00000,0x00000000e587d050,0x00000000e5880000)
  to   space 12800K, 0% used [0x00000000e7680000,0x00000000e7680000,0x00000000e8300000)
 ParOldGen       total 54272K, used 13751K [0x00000000a1c00000, 0x00000000a5100000, 0x00000000e0980000)
  object space 54272K, 25% used [0x00000000a1c00000,0x00000000a296dc50,0x00000000a5100000)
 Metaspace       used 31826K, capacity 32158K, committed 32304K, reserved 1077248K
  class space    used 3789K, capacity 3878K, committed 3888K, reserved 1048576K
}
Event: 16.671 GC heap before
{Heap before GC invocations=9 (full 1):
 PSYoungGen      total 80896K, used 54576K [0x00000000e0980000, 0x00000000e8300000, 0x0000000100000000)
  eden space 70144K, 62% used [0x00000000e0980000,0x00000000e344f318,0x00000000e4e00000)
  from space 10752K, 99% used [0x00000000e4e00000,0x00000000e587d050,0x00000000e5880000)
  to   space 12800K, 0% used [0x00000000e7680000,0x00000000e7680000,0x00000000e8300000)
 ParOldGen       total 54272K, used 13751K [0x00000000a1c00000, 0x00000000a5100000, 0x00000000e0980000)
  object space 54272K, 25% used [0x00000000a1c00000,0x00000000a296dc50,0x00000000a5100000)
 Metaspace       used 34920K, capacity 35248K, committed 35496K, reserved 1081344K
  class space    used 4179K, capacity 4267K, committed 4272K, reserved 1048576K
Event: 16.681 GC heap after
Heap after GC invocations=9 (full 1):
 PSYoungGen      total 107008K, used 12385K [0x00000000e0980000, 0x00000000e8300000, 0x0000000100000000)
  eden space 94208K, 0% used [0x00000000e0980000,0x00000000e0980000,0x00000000e6580000)
  from space 12800K, 96% used [0x00000000e7680000,0x00000000e8298500,0x00000000e8300000)
  to   space 14336K, 0% used [0x00000000e6700000,0x00000000e6700000,0x00000000e7500000)
 ParOldGen       total 54272K, used 13759K [0x00000000a1c00000, 0x00000000a5100000, 0x00000000e0980000)
  object space 54272K, 25% used [0x00000000a1c00000,0x00000000a296fc50,0x00000000a5100000)
 Metaspace       used 34920K, capacity 35248K, committed 35496K, reserved 1081344K
  class space    used 4179K, capacity 4267K, committed 4272K, reserved 1048576K
}
Event: 16.681 GC heap before
{Heap before GC invocations=10 (full 2):
 PSYoungGen      total 107008K, used 12385K [0x00000000e0980000, 0x00000000e8300000, 0x0000000100000000)
  eden space 94208K, 0% used [0x00000000e0980000,0x00000000e0980000,0x00000000e6580000)
  from space 12800K, 96% used [0x00000000e7680000,0x00000000e8298500,0x00000000e8300000)
  to   space 14336K, 0% used [0x00000000e6700000,0x00000000e6700000,0x00000000e7500000)
 ParOldGen       total 54272K, used 13759K [0x00000000a1c00000, 0x00000000a5100000, 0x00000000e0980000)
  object space 54272K, 25% used [0x00000000a1c00000,0x00000000a296fc50,0x00000000a5100000)
 Metaspace       used 34920K, capacity 35248K, committed 35496K, reserved 1081344K
  class space    used 4179K, capacity 4267K, committed 4272K, reserved 1048576K
Event: 16.736 GC heap after
Heap after GC invocations=10 (full 2):
 PSYoungGen      total 107008K, used 0K [0x00000000e0980000, 0x00000000e8300000, 0x0000000100000000)
  eden space 94208K, 0% used [0x00000000e0980000,0x00000000e0980000,0x00000000e6580000)
  from space 12800K, 0% used [0x00000000e7680000,0x00000000e7680000,0x00000000e8300000)
  to   space 14336K, 0% used [0x00000000e6700000,0x00000000e6700000,0x00000000e7500000)
 ParOldGen       total 83456K, used 20496K [0x00000000a1c00000, 0x00000000a6d80000, 0x00000000e0980000)
  object space 83456K, 24% used [0x00000000a1c00000,0x00000000a3004000,0x00000000a6d80000)
 Metaspace       used 34920K, capacity 35248K, committed 35496K, reserved 1081344K
  class space    used 4179K, capacity 4267K, committed 4272K, reserved 1048576K
}

Deoptimization events (10 events):
Event: 81.434 Thread 0x000000000b881800 Uncommon trap: reason=unhandled action=none pc=0x000000000f51b560 method=java.net.URLClassLoader.findClass(Ljava/lang/String;)Ljava/lang/Class; @ 44
Event: 81.435 Thread 0x000000000b881800 Uncommon trap: reason=unhandled action=none pc=0x000000000f51b560 method=java.net.URLClassLoader.findClass(Ljava/lang/String;)Ljava/lang/Class; @ 44
Event: 81.436 Thread 0x000000000b881800 Uncommon trap: reason=unhandled action=none pc=0x000000000f51b560 method=java.net.URLClassLoader.findClass(Ljava/lang/String;)Ljava/lang/Class; @ 44
Event: 81.437 Thread 0x000000000b881800 Uncommon trap: reason=unhandled action=none pc=0x000000000f51b560 method=java.net.URLClassLoader.findClass(Ljava/lang/String;)Ljava/lang/Class; @ 44
Event: 81.437 Thread 0x000000000b881800 Uncommon trap: reason=unhandled action=none pc=0x000000000f51b560 method=java.net.URLClassLoader.findClass(Ljava/lang/String;)Ljava/lang/Class; @ 44
Event: 81.438 Thread 0x000000000b881800 Uncommon trap: reason=unstable_if action=reinterpret pc=0x000000000f51817c method=java.lang.ClassLoader.checkName(Ljava/lang/String;)Z @ 20
Event: 81.438 Thread 0x000000000b881800 Uncommon trap: reason=unstable_if action=reinterpret pc=0x000000000fa1b74c method=java.lang.ClassLoader.checkName(Ljava/lang/String;)Z @ 20
Event: 81.438 Thread 0x000000000b881800 Uncommon trap: reason=unstable_if action=reinterpret pc=0x000000000f382b38 method=java.lang.ClassLoader.checkName(Ljava/lang/String;)Z @ 20
Event: 81.440 Thread 0x000000000b881800 Uncommon trap: reason=unstable_if action=reinterpret pc=0x000000000f26e238 method=java.lang.AbstractStringBuilder.append(Ljava/lang/String;)Ljava/lang/AbstractStringBuilder; @ 1
Event: 81.444 Thread 0x000000000b881800 Uncommon trap: reason=unhandled action=none pc=0x000000000fe0dbfc method=java.lang.Class.getDeclaredMethod(Ljava/lang/String;[Ljava/lang/Class;)Ljava/lang/reflect/Method; @ 64

Internal exceptions (10 events):
Event: 12.685 Thread 0x000000000b880000 Exception <a 'java/lang/ArrayIndexOutOfBoundsException': 101> (0x00000000e3191828) thrown at [C:\re\workspace\8-2-build-windows-amd64-cygwin\jdk8u45\3627\hotspot\src\share\vm\interpreter\interpreterRuntime.cpp, line 366]
Event: 12.685 Thread 0x000000001ff74800 Exception <a 'java/lang/ArrayIndexOutOfBoundsException': 101> (0x00000000e2a3f5e8) thrown at [C:\re\workspace\8-2-build-windows-amd64-cygwin\jdk8u45\3627\hotspot\src\share\vm\interpreter\interpreterRuntime.cpp, line 366]
Event: 12.688 Thread 0x000000000b880000 Exception <a 'java/lang/ArrayIndexOutOfBoundsException': 149> (0x00000000e31ac938) thrown at [C:\re\workspace\8-2-build-windows-amd64-cygwin\jdk8u45\3627\hotspot\src\share\vm\interpreter\interpreterRuntime.cpp, line 366]
Event: 16.657 Thread 0x000000000b87b800 Exception <a 'java/lang/ArrayIndexOutOfBoundsException': 94> (0x00000000e3358028) thrown at [C:\re\workspace\8-2-build-windows-amd64-cygwin\jdk8u45\3627\hotspot\src\share\vm\interpreter\interpreterRuntime.cpp, line 366]
Event: 16.664 Thread 0x000000000b87b800 Exception <a 'java/lang/ArrayIndexOutOfBoundsException': 39> (0x00000000e33ba378) thrown at [C:\re\workspace\8-2-build-windows-amd64-cygwin\jdk8u45\3627\hotspot\src\share\vm\interpreter\interpreterRuntime.cpp, line 366]
Event: 16.744 Thread 0x000000000b87b800 Exception <a 'java/lang/ArrayIndexOutOfBoundsException': 31> (0x00000000e09d3800) thrown at [C:\re\workspace\8-2-build-windows-amd64-cygwin\jdk8u45\3627\hotspot\src\share\vm\interpreter\interpreterRuntime.cpp, line 366]
Event: 81.427 Thread 0x000000000b881800 Exception <a 'java/lang/reflect/InvocationTargetException'> (0x00000000e0d5d108) thrown at [C:\re\workspace\8-2-build-windows-amd64-cygwin\jdk8u45\3627\hotspot\src\share\vm\runtime\reflection.cpp, line 1080]
Event: 81.438 Thread 0x000000000b881800 Exception <a 'java/lang/ClassNotFoundException': com.dao.StoreDaoImpl$$Lambda$8/1739002016> (0x00000000e0dbec58) thrown at [C:\re\workspace\8-2-build-windows-amd64-cygwin\jdk8u45\3627\hotspot\src\share\vm\prims\jni.cpp, line 735]
Event: 81.439 Thread 0x000000000b881800 Exception <a 'java/lang/ClassNotFoundException': com.dao.StoreDaoImpl$$Lambda$8/1739002016> (0x00000000e0dc0618) thrown at [C:\re\workspace\8-2-build-windows-amd64-cygwin\jdk8u45\3627\hotspot\src\share\vm\prims\jni.cpp, line 735]
Event: 81.440 Thread 0x000000000b881800 Implicit null exception at 0x000000000f26dd9c to 0x000000000f26e21d

Events (10 events):
Event: 81.440 Thread 0x000000000b881800 Uncommon trap: trap_request=0xffffff65 fr.pc=0x000000000f26e238
Event: 81.440 Thread 0x000000000b881800 DEOPT PACKING pc=0x000000000f26e238 sp=0x00000000230bd9e0
Event: 81.440 Thread 0x000000000b881800 DEOPT UNPACKING pc=0x000000000f05582a sp=0x00000000230bd9a0 mode 2
Event: 81.444 Thread 0x000000000b881800 Uncommon trap: trap_request=0xffffffa7 fr.pc=0x000000000fe0dbfc
Event: 81.444 Thread 0x000000000b881800 DEOPT PACKING pc=0x000000000fe0dbfc sp=0x00000000230bd7d0
Event: 81.445 Thread 0x000000000b881800 DEOPT UNPACKING pc=0x000000000f05582a sp=0x00000000230bd7b0 mode 2
Event: 87.524 Executing VM operation: ChangeBreakpoints
Event: 87.524 Executing VM operation: ChangeBreakpoints done
Event: 87.546 Executing VM operation: RedefineClasses
Event: 87.565 Executing VM operation: RedefineClasses done


Dynamic libraries:
0x00007ff6abfb0000 - 0x00007ff6abfe7000 	C:\Program Files\Java\jdk1.8.0_45\bin\javaw.exe
0x00007ffe9c000000 - 0x00007ffe9c1d1000 	C:\WINDOWS\SYSTEM32\ntdll.dll
0x00007ffe99850000 - 0x00007ffe998fb000 	C:\WINDOWS\System32\KERNEL32.DLL
0x00007ffe99190000 - 0x00007ffe993ad000 	C:\WINDOWS\System32\KERNELBASE.dll
0x00007ffe995d0000 - 0x00007ffe99672000 	C:\WINDOWS\System32\ADVAPI32.dll
0x00007ffe9bf60000 - 0x00007ffe9bffe000 	C:\WINDOWS\System32\msvcrt.dll
0x00007ffe99570000 - 0x00007ffe995c9000 	C:\WINDOWS\System32\sechost.dll
0x00007ffe9a180000 - 0x00007ffe9a2a1000 	C:\WINDOWS\System32\RPCRT4.dll
0x00007ffe9a580000 - 0x00007ffe9a6e5000 	C:\WINDOWS\System32\USER32.dll
0x00007ffe99550000 - 0x00007ffe9956e000 	C:\WINDOWS\System32\win32u.dll
0x00007ffe9a6f0000 - 0x00007ffe9a724000 	C:\WINDOWS\System32\GDI32.dll
0x00007ffe98800000 - 0x00007ffe98982000 	C:\WINDOWS\System32\gdi32full.dll
0x00007ffe91630000 - 0x00007ffe918aa000 	C:\WINDOWS\WinSxS\amd64_microsoft.windows.common-controls_6595b64144ccf1df_6.0.14393.953_none_42151e83c686086b\COMCTL32.dll
0x00007ffe9a2b0000 - 0x00007ffe9a578000 	C:\WINDOWS\System32\combase.dll
0x00007ffe99450000 - 0x00007ffe99545000 	C:\WINDOWS\System32\ucrtbase.dll
0x00007ffe98990000 - 0x00007ffe989fa000 	C:\WINDOWS\System32\bcryptPrimitives.dll
0x00007ffe9bf30000 - 0x00007ffe9bf5e000 	C:\WINDOWS\System32\IMM32.DLL
0x00007ffe98340000 - 0x00007ffe98371000 	C:\Windows\system32\nvinitx.dll
0x00007ffe98330000 - 0x00007ffe9833a000 	C:\WINDOWS\SYSTEM32\VERSION.dll
0x000000000f000000 - 0x000000000f006000 	C:\Program Files\NVIDIA Corporation\CoProcManager\_etoured.dll
0x00007ffe96820000 - 0x00007ffe96852000 	C:\Program Files\NVIDIA Corporation\CoProcManager\nvd3d9wrapx.dll
0x00007ffe99ac0000 - 0x00007ffe99ee9000 	C:\WINDOWS\System32\SETUPAPI.dll
0x00007ffe98a00000 - 0x00007ffe98a42000 	C:\WINDOWS\System32\cfgmgr32.dll
0x00007ffe95b90000 - 0x00007ffe95bb2000 	C:\Program Files\NVIDIA Corporation\CoProcManager\nvdxgiwrapx.dll
0x00007ffe97790000 - 0x00007ffe977c2000 	C:\WINDOWS\SYSTEM32\ntmarta.dll
0x00007ffe98060000 - 0x00007ffe9808c000 	C:\WINDOWS\SYSTEM32\SspiCli.dll
0x0000000071a00000 - 0x0000000071ad2000 	C:\Program Files\Java\jdk1.8.0_45\jre\bin\msvcr100.dll
0x0000000071170000 - 0x00000000719f3000 	C:\Program Files\Java\jdk1.8.0_45\jre\bin\server\jvm.dll
0x00007ffe99f00000 - 0x00007ffe99f08000 	C:\WINDOWS\System32\PSAPI.DLL
0x00007ffe898e0000 - 0x00007ffe898e9000 	C:\WINDOWS\SYSTEM32\WSOCK32.dll
0x00007ffe963f0000 - 0x00007ffe96413000 	C:\WINDOWS\SYSTEM32\WINMM.dll
0x00007ffe9a8b0000 - 0x00007ffe9a91a000 	C:\WINDOWS\System32\WS2_32.dll
0x0000000001ef0000 - 0x0000000001f1b000 	C:\WINDOWS\SYSTEM32\WINMMBASE.dll
0x0000000072a70000 - 0x0000000072a7f000 	C:\Program Files\Java\jdk1.8.0_45\jre\bin\verify.dll
0x0000000071140000 - 0x0000000071169000 	C:\Program Files\Java\jdk1.8.0_45\jre\bin\java.dll
0x0000000071100000 - 0x0000000071135000 	C:\Program Files\Java\jdk1.8.0_45\jre\bin\jdwp.dll
0x0000000072a60000 - 0x0000000072a68000 	C:\Program Files\Java\jdk1.8.0_45\jre\bin\npt.dll
0x00000000710e0000 - 0x00000000710f6000 	C:\Program Files\Java\jdk1.8.0_45\jre\bin\zip.dll
0x00007ffe9a920000 - 0x00007ffe9be28000 	C:\WINDOWS\System32\SHELL32.dll
0x0000000009000000 - 0x00000000096da000 	C:\WINDOWS\System32\windows.storage.dll
0x00007ffe98470000 - 0x00007ffe984bc000 	C:\WINDOWS\System32\powrprof.dll
0x00007ffe99a60000 - 0x00007ffe99ab2000 	C:\WINDOWS\System32\shlwapi.dll
0x00007ffe984c0000 - 0x00007ffe984cf000 	C:\WINDOWS\System32\kernel.appcore.dll
0x00007ffe98750000 - 0x00007ffe987f9000 	C:\WINDOWS\System32\shcore.dll
0x00007ffe98450000 - 0x00007ffe98464000 	C:\WINDOWS\System32\profapi.dll
0x00000000710d0000 - 0x00000000710d9000 	C:\Program Files\Java\jdk1.8.0_45\jre\bin\dt_socket.dll
0x00007ffe89460000 - 0x00007ffe89476000 	C:\WINDOWS\system32\napinsp.dll
0x00007ffe89480000 - 0x00007ffe8949a000 	C:\WINDOWS\system32\pnrpnsp.dll
0x00007ffe960e0000 - 0x00007ffe960f8000 	C:\WINDOWS\system32\NLAapi.dll
0x00007ffe97cc0000 - 0x00007ffe97d1c000 	C:\WINDOWS\System32\mswsock.dll
0x00007ffe97a80000 - 0x00007ffe97b21000 	C:\WINDOWS\SYSTEM32\DNSAPI.dll
0x00007ffe99840000 - 0x00007ffe99848000 	C:\WINDOWS\System32\NSI.dll
0x00007ffe97a40000 - 0x00007ffe97a78000 	C:\WINDOWS\SYSTEM32\IPHLPAPI.DLL
0x00007ffe894a0000 - 0x00007ffe894ae000 	C:\WINDOWS\System32\winrnr.dll
0x00007ffe90ff0000 - 0x00007ffe9105a000 	C:\WINDOWS\System32\fwpuclnt.dll
0x00007ffe98380000 - 0x00007ffe983ab000 	C:\WINDOWS\SYSTEM32\bcrypt.dll
0x00007ffe90980000 - 0x00007ffe9098a000 	C:\Windows\System32\rasadhlp.dll
0x00000000710c0000 - 0x00000000710cd000 	C:\Program Files\Java\jdk1.8.0_45\jre\bin\management.dll
0x00000000710a0000 - 0x00000000710ba000 	C:\Program Files\Java\jdk1.8.0_45\jre\bin\net.dll
0x0000000071080000 - 0x0000000071091000 	C:\Program Files\Java\jdk1.8.0_45\jre\bin\nio.dll
0x00007ffe97e60000 - 0x00007ffe97e77000 	C:\WINDOWS\SYSTEM32\CRYPTSP.dll
0x00007ffe978c0000 - 0x00007ffe978f3000 	C:\WINDOWS\system32\rsaenh.dll
0x00007ffe97b40000 - 0x00007ffe97b5f000 	C:\WINDOWS\SYSTEM32\USERENV.dll
0x00007ffe97e80000 - 0x00007ffe97e8b000 	C:\WINDOWS\SYSTEM32\CRYPTBASE.dll
0x00007ffe944c0000 - 0x00007ffe944d6000 	C:\WINDOWS\SYSTEM32\dhcpcsvc6.DLL
0x00007ffe943f0000 - 0x00007ffe9440a000 	C:\WINDOWS\SYSTEM32\dhcpcsvc.DLL
0x00007ffe88940000 - 0x00007ffe88ad2000 	C:\WINDOWS\SYSTEM32\dbghelp.dll

VM Arguments:
jvm_args: -agentlib:jdwp=transport=dt_socket,suspend=y,address=localhost:49555 -Dfile.encoding=UTF-8 
java_command: PetStoreApplication
java_class_path (initial): C:\Users\Asus\workspace\petStore\target\classes;C:\Users\Asus\.m2\repository\javax\validation\validation-api\1.1.0.Final\validation-api-1.1.0.Final.jar;C:\Users\Asus\.m2\repository\org\springframework\boot\spring-boot\1.5.3.RELEASE\spring-boot-1.5.3.RELEASE.jar;C:\Users\Asus\.m2\repository\org\springframework\boot\spring-boot-autoconfigure\1.5.3.RELEASE\spring-boot-autoconfigure-1.5.3.RELEASE.jar;C:\Users\Asus\.m2\repository\org\slf4j\slf4j-api\1.7.25\slf4j-api-1.7.25.jar;C:\Users\Asus\.m2\repository\org\springframework\spring-core\4.3.8.RELEASE\spring-core-4.3.8.RELEASE.jar;C:\Users\Asus\.m2\repository\org\springframework\boot\spring-boot-starter-web\1.5.3.RELEASE\spring-boot-starter-web-1.5.3.RELEASE.jar;C:\Users\Asus\.m2\repository\org\springframework\boot\spring-boot-starter\1.5.3.RELEASE\spring-boot-starter-1.5.3.RELEASE.jar;C:\Users\Asus\.m2\repository\org\springframework\boot\spring-boot-starter-logging\1.5.3.RELEASE\spring-boot-starter-logging-1.5.3.RELEASE.jar;C:\Users\Asus\.m2\repository\ch\qos\logback\logback-classic\1.1.11\logback-classic-1.1.11.jar;C:\Users\Asus\.m2\repository\ch\qos\logback\logback-core\1.1.11\logback-core-1.1.11.jar;C:\Users\Asus\.m2\repository\org\slf4j\jcl-over-slf4j\1.7.25\jcl-over-slf4j-1.7.25.jar;C:\Users\Asus\.m2\repository\org\slf4j\jul-to-slf4j\1.7.25\jul-to-slf4j-1.7.25.jar;C:\Users\Asus\.m2\repository\org\slf4j\log4j-over-slf4j\1.7.25\log4j-over-slf4j-1.7.25.jar;C:\Users\Asus\.m2\repository\org\yaml\snakeyaml\1.17\snakeyaml-1.17.jar;C:\Users\Asus\.m2\repository\org\springframework\boot\spring-boot-starter-tomcat\1.5.3.RELEASE\spring-boot-starter-tomcat-1.5.3.RELEASE.jar;C:\Users\Asus\.m2\repository\org\apache\tomcat\embed\tomcat-embed-core\8.5.14\tomcat-embed-core-8.5.14.jar;C:\Users\Asus\.m2\repository\org\apache\tomcat\embed\tomcat-embed-el\8.5.14\tomcat-embed-el-8.5.14.jar;C:\Users\Asus\.m2\repository\org\apache\tomcat\embed\tomcat-embed-websocket\8.5.14\tomcat-embed-websocket-8.5.14.jar;C:\Us
Launcher Type: SUN_STANDARD

Environment Variables:
JAVA_HOME=C:\Program Files\Java\jdk1.8.0_45
PATH=C:\Program Files\Java\jdk1.8.0_45\jre\bin;C:/Program Files/Java/jre1.8.0_131/bin/server;C:/Program Files/Java/jre1.8.0_131/bin;C:/Program Files/Java/jre1.8.0_131/lib/amd64;C:\ProgramData\Oracle\Java\javapath;C:\Program Files (x86)\Intel\iCLS Client\;C:\Program Files\Intel\iCLS Client\;C:\Windows\system32;C:\Windows;C:\Windows\System32\Wbem;C:\Windows\System32\WindowsPowerShell\v1.0\;C:\Program Files\Intel\Intel(R) Management Engine Components\DAL;C:\Program Files\Intel\Intel(R) Management Engine Components\IPT;C:\Program Files (x86)\Intel\Intel(R) Management Engine Components\DAL;C:\Program Files (x86)\Intel\Intel(R) Management Engine Components\IPT;C:\Program Files (x86)\NVIDIA Corporation\PhysX\Common;C:\WINDOWS\system32;C:\WINDOWS;C:\WINDOWS\System32\Wbem;C:\WINDOWS\System32\WindowsPowerShell\v1.0\;C:\Program Files (x86)\Skype\Phone\;C:\Python27\Lib\site-packages\PyQt4;C:\Python27;C:\Python27\DLLs;C:\Python27\Scripts;C:\Python27\gnuplot\binary;C:\Program Files (x86)\pythonxy\SciTE-3.5.1-4;C:\Program Files (x86)\pythonxy\console;"C:\Program Files\apache-maven-3.5.0\bin";C:\Users\Asus\eclipse\jee-neon\eclipse;
USERNAME=Asus
OS=Windows_NT
PROCESSOR_IDENTIFIER=Intel64 Family 6 Model 58 Stepping 9, GenuineIntel



---------------  S Y S T E M  ---------------

OS: Windows 10.0 , 64 bit Build 14393 (10.0.14393.0)

CPU:total 8 (4 cores per cpu, 2 threads per core) family 6 model 58 stepping 9, cmov, cx8, fxsr, mmx, sse, sse2, sse3, ssse3, sse4.1, sse4.2, popcnt, avx, aes, clmul, erms, ht, tsc, tscinvbit, tscinv

Memory: 4k page, physical 6174544k(2489168k free), swap 12466000k(8078384k free)

vm_info: Java HotSpot(TM) 64-Bit Server VM (25.45-b02) for windows-amd64 JRE (1.8.0_45-b15), built on Apr 30 2015 12:40:44 by "java_re" with MS VC++ 10.0 (VS2010)

time: Sun May 07 23:14:50 2017
elapsed time: 87 seconds (0d 0h 1m 27s)

